#
# A fatal error has been detected by the Java Runtime Environment:
#
#  EXCEPTION_ACCESS_VIOLATION (0xc0000005) at pc=0x00007ffc1468b1b3, pid=8908, tid=0x0000000000000680
#
# JRE version: Java(TM) SE Runtime Environment (8.0_221-b11) (build 1.8.0_221-b11)
# Java VM: Java HotSpot(TM) 64-Bit Server VM (25.221-b11 mixed mode windows-amd64 compressed oops)
# Problematic frame:
# C  [ig9icd64.dll+0x5ab1b3]
#
# Failed to write core dump. Minidumps are not enabled by default on client versions of Windows
#
# If you would like to submit a bug report, please visit:
#   http://bugreport.java.com/bugreport/crash.jsp
# The crash happened outside the Java Virtual Machine in native code.
# See problematic frame for where to report the bug.
#

---------------  T H R E A D  ---------------

Current thread (0x000000000112e800):  JavaThread "main" [_thread_in_native, id=1664, stack(0x00000000029e0000,0x0000000002ae0000)]

siginfo: ExceptionCode=0xc0000005, reading address 0x0000000000000000

Registers:
RAX=0x0000000000000000, RBX=0x0000000000bd9430, RCX=0x0000000000000000, RDX=0x000000004da2b510
RSP=0x0000000002adc7d0, RBP=0x0000000000c22b50, RSI=0x000000004da2b510, RDI=0x0000000019848fb0
R8 =0x000000004da2b510, R9 =0x00000000197c0080, R10=0x0000000000000000, R11=0x0000000000000246
R12=0x00000000197f4a00, R13=0x0000000019848fb0, R14=0x00000000197f49f8, R15=0x0000000019848fb0
RIP=0x00007ffc1468b1b3, EFLAGS=0x0000000000010202

Top of Stack: (sp=0x0000000002adc7d0)
0x0000000002adc7d0:   00000000c0000017 00007ffc14688039
0x0000000002adc7e0:   000000004da2baa0 000000004da2baa0
0x0000000002adc7f0:   0000000000000001 00007ffc146756b5
0x0000000002adc800:   000000004da2b510 0000000000bd9430
0x0000000002adc810:   0000000000c22b50 0000000000000001
0x0000000002adc820:   000000004da2baa0 00000000198491b8
0x0000000002adc830:   0000000000000000 00007ffc14688bf6
0x0000000002adc840:   000000004da2baa0 0000000019848fb0
0x0000000002adc850:   000000004da2baa0 000000004da2bb70
0x0000000002adc860:   0000000000c22b50 0000000000000001
0x0000000002adc870:   0000000000c22b50 0000000019848fb0
0x0000000002adc880:   0000000000000000 0000000019848fb0
0x0000000002adc890:   000000004da51bf0 00007ffc14671a20
0x0000000002adc8a0:   000000004da2baa0 0000000000bd9430
0x0000000002adc8b0:   000000004da2b530 000000004da2baa0
0x0000000002adc8c0:   0000000000000000 0000000000000000 

Instructions: (pc=0x00007ffc1468b1b3)
0x00007ffc1468b193:   90 48 8b 87 80 02 00 00 48 89 86 18 05 00 00 48
0x00007ffc1468b1a3:   89 b7 80 02 00 00 ff 87 88 02 00 00 48 8b 4e 08
0x00007ffc1468b1b3:   48 8b 01 ba 01 00 00 00 48 8b 80 d8 02 00 00 ff
0x00007ffc1468b1c3:   15 28 74 56 00 48 01 87 a0 02 00 00 48 8b 4e 08 


Register to memory mapping:

RAX=0x0000000000000000 is an unknown value
RBX=0x0000000000bd9430 is an unknown value
RCX=0x0000000000000000 is an unknown value
RDX=0x000000004da2b510 is an unknown value
RSP=0x0000000002adc7d0 is pointing into the stack for thread: 0x000000000112e800
RBP=0x0000000000c22b50 is an unknown value
RSI=0x000000004da2b510 is an unknown value
RDI=0x0000000019848fb0 is an unknown value
R8 =0x000000004da2b510 is an unknown value
R9 =0x00000000197c0080 is an unknown value
R10=0x0000000000000000 is an unknown value
R11=0x0000000000000246 is an unknown value
R12=0x00000000197f4a00 is an unknown value
R13=0x0000000019848fb0 is an unknown value
R14=0x00000000197f49f8 is an unknown value
R15=0x0000000019848fb0 is an unknown value


Stack: [0x00000000029e0000,0x0000000002ae0000],  sp=0x0000000002adc7d0,  free space=1009k
Native frames: (J=compiled Java code, j=interpreted, Vv=VM code, C=native code)
C  [ig9icd64.dll+0x5ab1b3]
C  [ig9icd64.dll+0x5956b5]
C  [ig9icd64.dll+0x58dd5c]
C  [ig9icd64.dll+0x4c525]
C  [ig9icd64.dll+0x48ab0]
C  [ig9icd64.dll+0x676134]
C  [ig9icd64.dll+0x600a42]
C  [ig9icd64.dll+0x5fc716]
C  [ig9icd64.dll+0xcfd53]
C  [ig9icd64.dll+0x43057]
C  [ig9icd64.dll+0xa05157]
C  [ig9icd64.dll+0xa06003]
C  [ig9icd64.dll+0xa06529]
C  [ig9icd64.dll+0x672400]
C  [ig9icd64.dll+0x6d5485]
C  0x0000000002ead6ca

Java frames: (J=compiled Java code, j=interpreted, Vv=VM code)
J 344  org.lwjgl.opengl.GL11.nglEnable(IJ)V (0 bytes) @ 0x0000000002ead644 [0x0000000002ead600+0x44]
J 405% C2 proyectofinal.Main.gameLoop()V (263 bytes) @ 0x0000000002f0ba20 [0x0000000002f0a520+0x1500]
j  proyectofinal.Main.main([Ljava/lang/String;)V+6
v  ~StubRoutines::call_stub

---------------  P R O C E S S  ---------------

Java Threads: ( => current thread )
  0x00000000175b8000 JavaThread "Service Thread" daemon [_thread_blocked, id=4580, stack(0x0000000018210000,0x0000000018310000)]
  0x0000000017531000 JavaThread "C1 CompilerThread3" daemon [_thread_blocked, id=8460, stack(0x0000000018110000,0x0000000018210000)]
  0x0000000017529800 JavaThread "C2 CompilerThread2" daemon [_thread_blocked, id=10576, stack(0x0000000018010000,0x0000000018110000)]
  0x0000000017528800 JavaThread "C2 CompilerThread1" daemon [_thread_blocked, id=11736, stack(0x0000000017f10000,0x0000000018010000)]
  0x0000000017521000 JavaThread "C2 CompilerThread0" daemon [_thread_blocked, id=10788, stack(0x0000000017e10000,0x0000000017f10000)]
  0x0000000017520000 JavaThread "Attach Listener" daemon [_thread_blocked, id=10908, stack(0x0000000017d10000,0x0000000017e10000)]
  0x000000001751f000 JavaThread "Signal Dispatcher" daemon [_thread_blocked, id=5732, stack(0x0000000017c10000,0x0000000017d10000)]
  0x0000000002cbe800 JavaThread "Finalizer" daemon [_thread_blocked, id=8656, stack(0x00000000179f0000,0x0000000017af0000)]
  0x0000000017510800 JavaThread "Reference Handler" daemon [_thread_blocked, id=6100, stack(0x00000000178f0000,0x00000000179f0000)]
=>0x000000000112e800 JavaThread "main" [_thread_in_native, id=1664, stack(0x00000000029e0000,0x0000000002ae0000)]

Other Threads:
  0x000000001571a800 VMThread [stack: 0x00000000173f0000,0x00000000174f0000] [id=15992]
  0x00000000175d2800 WatcherThread [stack: 0x0000000018310000,0x0000000018410000] [id=15880]

VM state:not at safepoint (normal execution)

VM Mutex/Monitor currently owned by a thread: None

heap address: 0x00000000c1400000, size: 1004 MB, Compressed Oops mode: 32-bit
Narrow klass base: 0x0000000000000000, Narrow klass shift: 3
Compressed class space size: 1073741824 Address: 0x0000000100000000

Heap:
 PSYoungGen      total 18944K, used 9441K [0x00000000eb180000, 0x00000000ec680000, 0x0000000100000000)
  eden space 16384K, 57% used [0x00000000eb180000,0x00000000ebab8760,0x00000000ec180000)
  from space 2560K, 0% used [0x00000000ec400000,0x00000000ec400000,0x00000000ec680000)
  to   space 2560K, 0% used [0x00000000ec180000,0x00000000ec180000,0x00000000ec400000)
 ParOldGen       total 44032K, used 0K [0x00000000c1400000, 0x00000000c3f00000, 0x00000000eb180000)
  object space 44032K, 0% used [0x00000000c1400000,0x00000000c1400000,0x00000000c3f00000)
 Metaspace       used 5487K, capacity 5927K, committed 6016K, reserved 1056768K
  class space    used 525K, capacity 564K, committed 640K, reserved 1048576K

Card table byte_map: [0x0000000012080000,0x0000000012280000] byte_map_base: 0x0000000011a76000

Marking Bits: (ParMarkBitMap*) 0x0000000056715ce0
 Begin Bits: [0x0000000012bd0000, 0x0000000013b80000)
 End Bits:   [0x0000000013b80000, 0x0000000014b30000)

Polling page: 0x0000000001180000

CodeCache: size=245760Kb used=2511Kb max_used=2526Kb free=243248Kb
 bounds [0x0000000002cc0000, 0x0000000002f40000, 0x0000000011cc0000]
 total_blobs=845 nmethods=472 adapters=286
 compilation: enabled

Compilation events (10 events):
Event: 13.508 Thread 0x0000000017529800  469   !   4       org.lwjgl.input.Mouse::isButtonDown (61 bytes)
Event: 13.510 Thread 0x0000000017529800 nmethod 469 0x0000000002f2ebd0 code [0x0000000002f2ed20, 0x0000000002f2f018]
Event: 13.780 Thread 0x0000000017528800  470   !   4       org.lwjgl.input.Keyboard::poll (47 bytes)
Event: 13.780 Thread 0x0000000017521000  471       4       org.lwjgl.opengl.WindowsKeyboard::poll (81 bytes)
Event: 13.783 Thread 0x0000000017521000 nmethod 471 0x0000000002f2e1d0 code [0x0000000002f2e320, 0x0000000002f2e678]
Event: 13.786 Thread 0x0000000017528800 nmethod 470 0x0000000002f35690 code [0x0000000002f35860, 0x0000000002f360f8]
Event: 14.985 Thread 0x0000000017529800  472   !   4       org.lwjgl.opengl.Display::processMessages (44 bytes)
Event: 14.993 Thread 0x0000000017529800 nmethod 472 0x0000000002f31990 code [0x0000000002f31b40, 0x0000000002f32168]
Event: 15.299 Thread 0x0000000017521000  473   !   4       org.lwjgl.opengl.Display::update (154 bytes)
Event: 15.318 Thread 0x0000000017521000 nmethod 473 0x0000000002f39350 code [0x0000000002f39560, 0x0000000002f3a490]

GC Heap History (0 events):
No events

Deoptimization events (4 events):
Event: 3.362 Thread 0x000000000112e800 Uncommon trap: reason=unstable_if action=reinterpret pc=0x0000000002eecf58 method=org.lwjgl.input.Keyboard.isKeyDown(I)Z @ 29
Event: 4.275 Thread 0x000000000112e800 Uncommon trap: reason=unstable_if action=reinterpret pc=0x0000000002f137e0 method=org.lwjgl.input.Mouse.isButtonDown(I)Z @ 45
Event: 4.513 Thread 0x000000000112e800 Uncommon trap: reason=unstable_if action=reinterpret pc=0x0000000002f1142c method=org.lwjgl.opengl.EventQueue.copyEvents(Ljava/nio/ByteBuffer;)V @ 27
Event: 13.179 Thread 0x000000000112e800 Uncommon trap: reason=unstable_if action=reinterpret pc=0x0000000002f1c2d8 method=org.lwjgl.opengl.WindowsDisplay.update()V @ 7

Classes redefined (0 events):
No events

Internal exceptions (6 events):
Event: 0.033 Thread 0x000000000112e800 Exception <a 'java/lang/NoSuchMethodError': Method sun.misc.Unsafe.defineClass(Ljava/lang/String;[BII)Ljava/lang/Class; name or signature does not match> (0x00000000eb187cb8) thrown at [C:\re\workspace\8-2-build-windows-amd64-cygwin\jdk8u221\13320\hotspot
Event: 0.033 Thread 0x000000000112e800 Exception <a 'java/lang/NoSuchMethodError': Method sun.misc.Unsafe.prefetchRead(Ljava/lang/Object;J)V name or signature does not match> (0x00000000eb187fa0) thrown at [C:\re\workspace\8-2-build-windows-amd64-cygwin\jdk8u221\13320\hotspot\src\share\vm\prim
Event: 0.726 Thread 0x000000000112e800 Exception <a 'java/security/PrivilegedActionException'> (0x00000000eb570e88) thrown at [C:\re\workspace\8-2-build-windows-amd64-cygwin\jdk8u221\13320\hotspot\src\share\vm\prims\jvm.cpp, line 1502]
Event: 0.726 Thread 0x000000000112e800 Exception <a 'java/security/PrivilegedActionException'> (0x00000000eb571280) thrown at [C:\re\workspace\8-2-build-windows-amd64-cygwin\jdk8u221\13320\hotspot\src\share\vm\prims\jvm.cpp, line 1502]
Event: 0.726 Thread 0x000000000112e800 Exception <a 'java/security/PrivilegedActionException'> (0x00000000eb575378) thrown at [C:\re\workspace\8-2-build-windows-amd64-cygwin\jdk8u221\13320\hotspot\src\share\vm\prims\jvm.cpp, line 1502]
Event: 0.726 Thread 0x000000000112e800 Exception <a 'java/security/PrivilegedActionException'> (0x00000000eb575770) thrown at [C:\re\workspace\8-2-build-windows-amd64-cygwin\jdk8u221\13320\hotspot\src\share\vm\prims\jvm.cpp, line 1502]

Events (10 events):
Event: 4.119 Executing VM operation: EnableBiasedLocking done
Event: 4.275 Thread 0x000000000112e800 Uncommon trap: trap_request=0xffffff65 fr.pc=0x0000000002f137e0
Event: 4.275 Thread 0x000000000112e800 DEOPT PACKING pc=0x0000000002f137e0 sp=0x0000000002adf080
Event: 4.275 Thread 0x000000000112e800 DEOPT UNPACKING pc=0x0000000002d0583b sp=0x0000000002adf018 mode 2
Event: 4.513 Thread 0x000000000112e800 Uncommon trap: trap_request=0xffffff65 fr.pc=0x0000000002f1142c
Event: 4.513 Thread 0x000000000112e800 DEOPT PACKING pc=0x0000000002f1142c sp=0x0000000002adefd0
Event: 4.513 Thread 0x000000000112e800 DEOPT UNPACKING pc=0x0000000002d0583b sp=0x0000000002adef88 mode 2
Event: 13.179 Thread 0x000000000112e800 Uncommon trap: trap_request=0xffffff65 fr.pc=0x0000000002f1c2d8
Event: 13.179 Thread 0x000000000112e800 DEOPT PACKING pc=0x0000000002f1c2d8 sp=0x0000000002adf040
Event: 13.179 Thread 0x000000000112e800 DEOPT UNPACKING pc=0x0000000002d0583b sp=0x0000000002adef48 mode 2


Dynamic libraries:
0x00007ff7f19e0000 - 0x00007ff7f1a17000 	C:\Program Files\Java\jdk1.8.0_221\bin\java.exe
0x00007ffc72cb0000 - 0x00007ffc72ea5000 	C:\WINDOWS\SYSTEM32\ntdll.dll
0x00007ffc71950000 - 0x00007ffc71a0d000 	C:\WINDOWS\System32\KERNEL32.DLL
0x00007ffc70660000 - 0x00007ffc7092d000 	C:\WINDOWS\System32\KERNELBASE.dll
0x00007ffc71730000 - 0x00007ffc717de000 	C:\WINDOWS\System32\ADVAPI32.dll
0x00007ffc71a10000 - 0x00007ffc71aae000 	C:\WINDOWS\System32\msvcrt.dll
0x00007ffc722a0000 - 0x00007ffc7233c000 	C:\WINDOWS\System32\sechost.dll
0x00007ffc72090000 - 0x00007ffc721b5000 	C:\WINDOWS\System32\RPCRT4.dll
0x00007ffc72aa0000 - 0x00007ffc72c40000 	C:\WINDOWS\System32\USER32.dll
0x00007ffc70530000 - 0x00007ffc70552000 	C:\WINDOWS\System32\win32u.dll
0x00007ffc71ab0000 - 0x00007ffc71ada000 	C:\WINDOWS\System32\GDI32.dll
0x00007ffc70960000 - 0x00007ffc70a6b000 	C:\WINDOWS\System32\gdi32full.dll
0x00007ffc70490000 - 0x00007ffc7052d000 	C:\WINDOWS\System32\msvcp_win.dll
0x00007ffc70560000 - 0x00007ffc70660000 	C:\WINDOWS\System32\ucrtbase.dll
0x00007ffc5f300000 - 0x00007ffc5f59a000 	C:\WINDOWS\WinSxS\amd64_microsoft.windows.common-controls_6595b64144ccf1df_6.0.19041.1110_none_60b5254171f9507e\COMCTL32.dll
0x00007ffc71800000 - 0x00007ffc71830000 	C:\WINDOWS\System32\IMM32.DLL
0x0000000055e10000 - 0x0000000055ee2000 	C:\Program Files\Java\jdk1.8.0_221\jre\bin\msvcr100.dll
0x0000000055ef0000 - 0x0000000056795000 	C:\Program Files\Java\jdk1.8.0_221\jre\bin\server\jvm.dll
0x00007ffc71060000 - 0x00007ffc71068000 	C:\WINDOWS\System32\PSAPI.DLL
0x00007ffc5dbf0000 - 0x00007ffc5dbf9000 	C:\WINDOWS\SYSTEM32\WSOCK32.dll
0x00007ffc62a90000 - 0x00007ffc62ab7000 	C:\WINDOWS\SYSTEM32\WINMM.dll
0x00007ffc6c550000 - 0x00007ffc6c55a000 	C:\WINDOWS\SYSTEM32\VERSION.dll
0x00007ffc71ec0000 - 0x00007ffc71f2b000 	C:\WINDOWS\System32\WS2_32.dll
0x00007ffc4d840000 - 0x00007ffc4d84f000 	C:\Program Files\Java\jdk1.8.0_221\jre\bin\verify.dll
0x00007ffc35de0000 - 0x00007ffc35e09000 	C:\Program Files\Java\jdk1.8.0_221\jre\bin\java.dll
0x00007ffc357a0000 - 0x00007ffc357b6000 	C:\Program Files\Java\jdk1.8.0_221\jre\bin\zip.dll
0x00007ffc72340000 - 0x00007ffc72a84000 	C:\WINDOWS\System32\SHELL32.dll
0x00007ffc6e470000 - 0x00007ffc6ec04000 	C:\WINDOWS\SYSTEM32\windows.storage.dll
0x00007ffc71b60000 - 0x00007ffc71eb4000 	C:\WINDOWS\System32\combase.dll
0x00007ffc6fdf0000 - 0x00007ffc6fe1c000 	C:\WINDOWS\SYSTEM32\Wldp.dll
0x00007ffc71070000 - 0x00007ffc7111d000 	C:\WINDOWS\System32\SHCORE.dll
0x00007ffc71f40000 - 0x00007ffc71f95000 	C:\WINDOWS\System32\shlwapi.dll
0x00007ffc702d0000 - 0x00007ffc702ef000 	C:\WINDOWS\SYSTEM32\profapi.dll
0x0000000180000000 - 0x0000000180051000 	C:\Users\usuario\Documents\NetBeansProjects\ProyectoFinal\lib\native\windows\lwjgl64.dll
0x00007ffc4a750000 - 0x00007ffc4a876000 	C:\WINDOWS\SYSTEM32\OPENGL32.dll
0x00007ffc579a0000 - 0x00007ffc579cc000 	C:\WINDOWS\SYSTEM32\GLU32.dll
0x00007ffc6cc80000 - 0x00007ffc6cd2e000 	C:\WINDOWS\SYSTEM32\mscms.dll
0x00007ffc6cbf0000 - 0x00007ffc6cc01000 	C:\WINDOWS\SYSTEM32\ColorAdapterClient.dll
0x00007ffc70290000 - 0x00007ffc702be000 	C:\WINDOWS\SYSTEM32\USERENV.dll
0x00007ffc71120000 - 0x00007ffc711ed000 	C:\WINDOWS\System32\OLEAUT32.dll
0x00007ffc6ec20000 - 0x00007ffc6ec32000 	C:\WINDOWS\SYSTEM32\kernel.appcore.dll
0x00007ffc70c40000 - 0x00007ffc70cc2000 	C:\WINDOWS\System32\bcryptPrimitives.dll
0x00007ffc70e00000 - 0x00007ffc70ea9000 	C:\WINDOWS\System32\clbcatq.dll
0x00007ffc645d0000 - 0x00007ffc64613000 	C:\Windows\System32\Windows.Internal.Graphics.Display.DisplayColorManagement.dll
0x00007ffc70390000 - 0x00007ffc703de000 	C:\WINDOWS\System32\cfgmgr32.dll
0x00007ffc6d8e0000 - 0x00007ffc6d97e000 	C:\WINDOWS\system32\uxtheme.dll
0x00007ffc71830000 - 0x00007ffc71945000 	C:\WINDOWS\System32\MSCTF.dll
0x00007ffc6a2c0000 - 0x00007ffc6a3b7000 	C:\Windows\System32\AppXDeploymentClient.dll
0x00007ffc140e0000 - 0x00007ffc150e9000 	C:\WINDOWS\System32\DriverStore\FileRepository\igdlh64.inf_amd64_31f4e71363bfa9b6\ig9icd64.dll
0x00007ffc70cd0000 - 0x00007ffc70dfa000 	C:\WINDOWS\System32\ole32.dll
0x00007ffc6dc00000 - 0x00007ffc6dc2f000 	C:\WINDOWS\system32\dwmapi.dll
0x00007ffc6ec90000 - 0x00007ffc6ed83000 	C:\WINDOWS\system32\dxgi.dll
0x00007ffc27d70000 - 0x00007ffc28177000 	C:\WINDOWS\System32\DriverStore\FileRepository\igdlh64.inf_amd64_31f4e71363bfa9b6\igdml64.dll
0x00007ffc53520000 - 0x00007ffc537ca000 	C:\WINDOWS\System32\DriverStore\FileRepository\igdlh64.inf_amd64_31f4e71363bfa9b6\igdgmm64.dll
0x00007ffc67a20000 - 0x00007ffc67b19000 	C:\WINDOWS\SYSTEM32\textinputframework.dll
0x00007ffc6d600000 - 0x00007ffc6d6f2000 	C:\WINDOWS\System32\CoreMessaging.dll
0x00007ffc6d2a0000 - 0x00007ffc6d5fe000 	C:\WINDOWS\System32\CoreUIComponents.dll
0x00007ffc6f120000 - 0x00007ffc6f153000 	C:\WINDOWS\SYSTEM32\ntmarta.dll
0x00007ffc6bf10000 - 0x00007ffc6c064000 	C:\WINDOWS\SYSTEM32\wintypes.dll
0x00007ffc6aa90000 - 0x00007ffc6aad3000 	C:\WINDOWS\SYSTEM32\icm32.dll
0x00007ffc50910000 - 0x00007ffc5349f000 	C:\WINDOWS\System32\DriverStore\FileRepository\igdlh64.inf_amd64_31f4e71363bfa9b6\igc64.dll
0x00007ffc6f960000 - 0x00007ffc6f9ab000 	C:\WINDOWS\SYSTEM32\powrprof.dll
0x00007ffc6f7d0000 - 0x00007ffc6f7e2000 	C:\WINDOWS\SYSTEM32\UMPDC.dll
0x00007ffc287e0000 - 0x00007ffc28979000 	C:\Program Files\Java\jdk1.8.0_221\jre\bin\awt.dll
0x00007ffc6d830000 - 0x00007ffc6d8c0000 	C:\WINDOWS\SYSTEM32\apphelp.dll
0x00007ffc6e190000 - 0x00007ffc6e374000 	C:\WINDOWS\SYSTEM32\dbghelp.dll

VM Arguments:
jvm_args: -Dfile.encoding=UTF-8 -Djava.library.path=lib\native\windows 
java_command: proyectofinal.Main
java_class_path (initial): C:\Users\usuario\Documents\NetBeansProjects\ProyectoFinal\lib\jar\jinput.jar;C:\Users\usuario\Documents\NetBeansProjects\ProyectoFinal\lib\jar\lwjgl.jar;C:\Users\usuario\Documents\NetBeansProjects\ProyectoFinal\lib\jar\lwjgl_util.jar;C:\Users\usuario\Documents\NetBeansProjects\ProyectoFinal\lib\jar\slick-util.jar;C:\Users\usuario\Documents\NetBeansProjects\ProyectoFinal\build\classes
Launcher Type: SUN_STANDARD

Environment Variables:
JAVA_HOME=C:\Program Files\Java\jdk1.8.0_221;C:\Program Files\Java\jre1.8.0_221
CLASSPATH=%CLASSPATH%;%JAVA_HOME%jrelib;.;C:\Program Files\Java\jdk1.8.0_221;C:\Program Files\Java\jre1.8.0_221jrelib;.;C:\Program Files\Java\jdk1.8.0_221;C:\Program Files\Java\jre1.8.0_221jrelib;.
PATH=C:\Program Files\MySQL\MySQL Server 8.0\bin;C:\Program Files (x86)\Common Files\Intel\Shared Files\cpp\bin\Intel64;C:\WINDOWS\system32;C:\WINDOWS;C:\WINDOWS\System32\Wbem;C:\WINDOWS\System32\WindowsPowerShell\v1.0\;C:\WINDOWS\System32\OpenSSH\;C:\Program Files (x86)\Intel\Intel(R) Management Engine Components\DAL;C:\Program Files\Intel\Intel(R) Management Engine Components\DAL;C:\Program Files (x86)\Intel\Intel(R) Management Engine Components\IPT;C:\Program Files\Intel\Intel(R) Management Engine Components\IPT;JAVA_HOME%bin;C:\Program Files\Java\jdk1.8.0_221;C:\Program Files\Git\cmd;C:\Program Files\Java\jre1.8.0_221;C:\Program Files\MySQL\MySQL Shell 8.0\bin\;C:\Users\usuario\AppData\Local\Microsoft\WindowsApps;;C:\Users\usuario\AppData\Local\Programs\Microsoft VS Code\bin
USERNAME=usuario
OS=Windows_NT
PROCESSOR_IDENTIFIER=Intel64 Family 6 Model 142 Stepping 10, GenuineIntel



---------------  S Y S T E M  ---------------

OS: Windows 10.0 , 64 bit Build 19041 (10.0.19041.1706)

CPU:total 8 (initial active 8) (4 cores per cpu, 2 threads per core) family 6 model 142 stepping 10, cmov, cx8, fxsr, mmx, sse, sse2, sse3, ssse3, sse4.1, sse4.2, popcnt, avx, avx2, aes, clmul, erms, 3dnowpref, lzcnt, ht, tsc, tscinvbit, bmi1, bmi2, adx

Memory: 4k page, physical 4107364k(1070364k free), swap 10398820k(3162580k free)

vm_info: Java HotSpot(TM) 64-Bit Server VM (25.221-b11) for windows-amd64 JRE (1.8.0_221-b11), built on Jul  4 2019 04:39:29 by "java_re" with MS VC++ 10.0 (VS2010)

time: Sat May 28 18:19:04 2022
timezone: Hora de verano central (México)
elapsed time: 37 seconds (0d 0h 0m 37s)

